<?xml version="1.0" encoding="UTF-8"?>
<testsuite xmlns:xsi="http://www.w3.org/2001/XMLSchema-instance" xsi:noNamespaceSchemaLocation="https://maven.apache.org/surefire/maven-surefire-plugin/xsd/surefire-test-report-3.0.xsd" version="3.0" name="com.mycompany.mymath.MyMathTest" time="0.16" tests="3" errors="0" skipped="0" failures="0">
  <properties>
[...]
</properties>
  <testcase name="testFindMax" classname="com.mycompany.mymath.MyMathTest" time="0.034">
    <system-out><![CDATA[Giá trị lớn nhất là: 24
]]></system-out>
  </testcase>
  <testcase name="testCalculateAverage" classname="com.mycompany.mymath.MyMathTest" time="0.002">
    <system-out><![CDATA[Trung bình cộng là: 20.0
]]></system-out>
  </testcase>
  <testcase name="testIsEven" classname="com.mycompany.mymath.MyMathTest" time="0.004">
    <system-out><![CDATA[Kiểm tra số chẵn: 12 là số chẵn.
]]></system-out>
  </testcase>
</testsuite>